2022-01-06 13:37:55.722  INFO 2898 --- [restartedMain] c.drone.manager.DroneServiceApplication  : Starting DroneServiceApplication on Olugbengas-MacBook-Pro.local with PID 2898 (/Users/olugbengafalodun/Documents/development/interview/DroneService/target/classes started by olugbengafalodun in /Users/olugbengafalodun/Documents/development/interview/DroneService)
2022-01-06 13:37:55.729  INFO 2898 --- [restartedMain] c.drone.manager.DroneServiceApplication  : The following profiles are active: mysqldb
2022-01-06 13:37:55.826  INFO 2898 --- [restartedMain] .e.DevToolsPropertyDefaultsPostProcessor : Devtools property defaults active! Set 'spring.devtools.add-properties' to 'false' to disable
2022-01-06 13:37:55.826  INFO 2898 --- [restartedMain] .e.DevToolsPropertyDefaultsPostProcessor : For additional web related logging consider setting the 'logging.level.web' property to 'DEBUG'
2022-01-06 13:37:56.978  INFO 2898 --- [restartedMain] .s.d.r.c.RepositoryConfigurationDelegate : Bootstrapping Spring Data repositories in DEFAULT mode.
2022-01-06 13:37:57.084  INFO 2898 --- [restartedMain] .s.d.r.c.RepositoryConfigurationDelegate : Finished Spring Data repository scanning in 95ms. Found 4 repository interfaces.
2022-01-06 13:37:57.606  INFO 2898 --- [restartedMain] trationDelegate$BeanPostProcessorChecker : Bean 'org.springframework.transaction.annotation.ProxyTransactionManagementConfiguration' of type [org.springframework.transaction.annotation.ProxyTransactionManagementConfiguration$$EnhancerBySpringCGLIB$$486e83cf] is not eligible for getting processed by all BeanPostProcessors (for example: not eligible for auto-proxying)
2022-01-06 13:37:58.146  INFO 2898 --- [restartedMain] o.s.b.w.embedded.tomcat.TomcatWebServer  : Tomcat initialized with port(s): 8084 (http)
2022-01-06 13:37:58.173  INFO 2898 --- [restartedMain] o.apache.catalina.core.StandardService   : Starting service [Tomcat]
2022-01-06 13:37:58.173  INFO 2898 --- [restartedMain] org.apache.catalina.core.StandardEngine  : Starting Servlet engine: [Apache Tomcat/9.0.16]
2022-01-06 13:37:58.187  INFO 2898 --- [restartedMain] o.a.catalina.core.AprLifecycleListener   : The APR based Apache Tomcat Native library which allows optimal performance in production environments was not found on the java.library.path: [/Users/olugbengafalodun/Library/Java/Extensions:/Library/Java/Extensions:/Network/Library/Java/Extensions:/System/Library/Java/Extensions:/usr/lib/java:.]
2022-01-06 13:37:58.278  INFO 2898 --- [restartedMain] o.a.c.c.C.[Tomcat].[localhost].[/]       : Initializing Spring embedded WebApplicationContext
2022-01-06 13:37:58.278  INFO 2898 --- [restartedMain] o.s.web.context.ContextLoader            : Root WebApplicationContext: initialization completed in 2452 ms
2022-01-06 13:37:58.906  INFO 2898 --- [restartedMain] com.zaxxer.hikari.HikariDataSource       : HikariPool-1 - Starting...
2022-01-06 13:37:59.084  INFO 2898 --- [restartedMain] com.zaxxer.hikari.HikariDataSource       : HikariPool-1 - Start completed.
2022-01-06 13:37:59.163  INFO 2898 --- [restartedMain] o.hibernate.jpa.internal.util.LogHelper  : HHH000204: Processing PersistenceUnitInfo [
	name: default
	...]
2022-01-06 13:37:59.306  INFO 2898 --- [restartedMain] org.hibernate.Version                    : HHH000412: Hibernate Core {5.2.17.Final}
2022-01-06 13:37:59.308  INFO 2898 --- [restartedMain] org.hibernate.cfg.Environment            : HHH000206: hibernate.properties not found
2022-01-06 13:37:59.360  INFO 2898 --- [restartedMain] o.hibernate.annotations.common.Version   : HCANN000001: Hibernate Commons Annotations {5.0.1.Final}
2022-01-06 13:37:59.564  INFO 2898 --- [restartedMain] org.hibernate.dialect.Dialect            : HHH000400: Using dialect: org.hibernate.dialect.MySQL5InnoDBDialect
2022-01-06 13:38:00.294  INFO 2898 --- [restartedMain] j.LocalContainerEntityManagerFactoryBean : Initialized JPA EntityManagerFactory for persistence unit 'default'
2022-01-06 13:38:00.314  INFO 2898 --- [restartedMain] o.s.b.d.a.OptionalLiveReloadServer       : LiveReload server is running on port 35729
2022-01-06 13:38:01.065  INFO 2898 --- [restartedMain] o.s.s.concurrent.ThreadPoolTaskExecutor  : Initializing ExecutorService 'applicationTaskExecutor'
2022-01-06 13:38:01.127  WARN 2898 --- [restartedMain] aWebConfiguration$JpaWebMvcConfiguration : spring.jpa.open-in-view is enabled by default. Therefore, database queries may be performed during view rendering. Explicitly configure spring.jpa.open-in-view to disable this warning
2022-01-06 13:38:01.662  INFO 2898 --- [restartedMain] o.s.s.c.ThreadPoolTaskScheduler          : Initializing ExecutorService 'taskScheduler'
2022-01-06 13:38:01.720  INFO 2898 --- [restartedMain] o.s.b.a.e.web.EndpointLinksResolver      : Exposing 2 endpoint(s) beneath base path '/actuator'
2022-01-06 13:38:01.804  INFO 2898 --- [restartedMain] o.s.b.w.embedded.tomcat.TomcatWebServer  : Tomcat started on port(s): 8084 (http) with context path ''
2022-01-06 13:38:01.806  INFO 2898 --- [restartedMain] c.drone.manager.DroneServiceApplication  : Started DroneServiceApplication in 6.693 seconds (JVM running for 7.145)
2022-01-06 13:38:06.831  INFO 2898 --- [scheduling-1] o.h.h.i.QueryTranslatorFactoryInitiator  : HHH000397: Using ASTQueryTranslatorFactory
2022-01-06 13:38:39.919  INFO 2898 --- [http-nio-8084-exec-1] o.a.c.c.C.[Tomcat].[localhost].[/]       : Initializing Spring DispatcherServlet 'dispatcherServlet'
2022-01-06 13:38:39.919  INFO 2898 --- [http-nio-8084-exec-1] o.s.web.servlet.DispatcherServlet        : Initializing Servlet 'dispatcherServlet'
2022-01-06 13:38:39.934  INFO 2898 --- [http-nio-8084-exec-1] o.s.web.servlet.DispatcherServlet        : Completed initialization in 15 ms
2022-01-06 13:40:35.040  INFO 2898 --- [http-nio-8084-exec-5] c.d.m.controller.DispatchController      : :: Drone Registration Request :: DroneDataDTO.Request.Body(serialNumber=TN6AG81P8375115JIJ41GK7127KG3K63V_ZSB4M6XMSZ1Q4XGR, model=HEAVYWEIGHT, weightLimit=500gr, batteryCapacity=0.8, state=IDLE)
2022-01-06 13:40:35.086  WARN 2898 --- [http-nio-8084-exec-5] .m.m.a.ExceptionHandlerExceptionResolver : Resolved [com.drone.manager.exception.DuplicateUniqueIdException: A drone with serial number 'TN6AG81P8375115JIJ41GK7127KG3K63V_ZSB4M6XMSZ1Q4XGR' already exist!]
2022-01-06 13:41:06.491  INFO 2898 --- [Thread-11] o.s.s.c.ThreadPoolTaskScheduler          : Shutting down ExecutorService 'taskScheduler'
2022-01-06 13:41:06.495  INFO 2898 --- [Thread-11] o.s.s.concurrent.ThreadPoolTaskExecutor  : Shutting down ExecutorService 'applicationTaskExecutor'
2022-01-06 13:41:06.498  INFO 2898 --- [Thread-11] j.LocalContainerEntityManagerFactoryBean : Closing JPA EntityManagerFactory for persistence unit 'default'
2022-01-06 13:41:06.501  INFO 2898 --- [Thread-11] com.zaxxer.hikari.HikariDataSource       : HikariPool-1 - Shutdown initiated...
2022-01-06 13:41:06.509  INFO 2898 --- [Thread-11] com.zaxxer.hikari.HikariDataSource       : HikariPool-1 - Shutdown completed.
2022-01-06 13:42:29.963  INFO 2968 --- [restartedMain] c.drone.manager.DroneServiceApplication  : Starting DroneServiceApplication on Olugbengas-MacBook-Pro.local with PID 2968 (/Users/olugbengafalodun/Documents/development/interview/DroneService/target/classes started by olugbengafalodun in /Users/olugbengafalodun/Documents/development/interview/DroneService)
2022-01-06 13:42:29.989  INFO 2968 --- [restartedMain] c.drone.manager.DroneServiceApplication  : The following profiles are active: mysqldb
2022-01-06 13:42:30.040  INFO 2968 --- [restartedMain] .e.DevToolsPropertyDefaultsPostProcessor : Devtools property defaults active! Set 'spring.devtools.add-properties' to 'false' to disable
2022-01-06 13:42:30.040  INFO 2968 --- [restartedMain] .e.DevToolsPropertyDefaultsPostProcessor : For additional web related logging consider setting the 'logging.level.web' property to 'DEBUG'
2022-01-06 13:42:30.928  INFO 2968 --- [restartedMain] .s.d.r.c.RepositoryConfigurationDelegate : Bootstrapping Spring Data repositories in DEFAULT mode.
2022-01-06 13:42:31.020  INFO 2968 --- [restartedMain] .s.d.r.c.RepositoryConfigurationDelegate : Finished Spring Data repository scanning in 83ms. Found 4 repository interfaces.
2022-01-06 13:42:31.462  INFO 2968 --- [restartedMain] trationDelegate$BeanPostProcessorChecker : Bean 'org.springframework.transaction.annotation.ProxyTransactionManagementConfiguration' of type [org.springframework.transaction.annotation.ProxyTransactionManagementConfiguration$$EnhancerBySpringCGLIB$$4d05b6ce] is not eligible for getting processed by all BeanPostProcessors (for example: not eligible for auto-proxying)
2022-01-06 13:42:31.875  INFO 2968 --- [restartedMain] o.s.b.w.embedded.tomcat.TomcatWebServer  : Tomcat initialized with port(s): 8084 (http)
2022-01-06 13:42:31.897  INFO 2968 --- [restartedMain] o.apache.catalina.core.StandardService   : Starting service [Tomcat]
2022-01-06 13:42:31.898  INFO 2968 --- [restartedMain] org.apache.catalina.core.StandardEngine  : Starting Servlet engine: [Apache Tomcat/9.0.16]
2022-01-06 13:42:31.908  INFO 2968 --- [restartedMain] o.a.catalina.core.AprLifecycleListener   : The APR based Apache Tomcat Native library which allows optimal performance in production environments was not found on the java.library.path: [/Users/olugbengafalodun/Library/Java/Extensions:/Library/Java/Extensions:/Network/Library/Java/Extensions:/System/Library/Java/Extensions:/usr/lib/java:.]
2022-01-06 13:42:31.978  INFO 2968 --- [restartedMain] o.a.c.c.C.[Tomcat].[localhost].[/]       : Initializing Spring embedded WebApplicationContext
2022-01-06 13:42:31.978  INFO 2968 --- [restartedMain] o.s.web.context.ContextLoader            : Root WebApplicationContext: initialization completed in 1938 ms
2022-01-06 13:42:32.520  INFO 2968 --- [restartedMain] com.zaxxer.hikari.HikariDataSource       : HikariPool-1 - Starting...
2022-01-06 13:42:32.673  INFO 2968 --- [restartedMain] com.zaxxer.hikari.HikariDataSource       : HikariPool-1 - Start completed.
2022-01-06 13:42:32.732  INFO 2968 --- [restartedMain] o.hibernate.jpa.internal.util.LogHelper  : HHH000204: Processing PersistenceUnitInfo [
	name: default
	...]
2022-01-06 13:42:32.829  INFO 2968 --- [restartedMain] org.hibernate.Version                    : HHH000412: Hibernate Core {5.2.17.Final}
2022-01-06 13:42:32.831  INFO 2968 --- [restartedMain] org.hibernate.cfg.Environment            : HHH000206: hibernate.properties not found
2022-01-06 13:42:32.868  INFO 2968 --- [restartedMain] o.hibernate.annotations.common.Version   : HCANN000001: Hibernate Commons Annotations {5.0.1.Final}
2022-01-06 13:42:33.003  INFO 2968 --- [restartedMain] org.hibernate.dialect.Dialect            : HHH000400: Using dialect: org.hibernate.dialect.MySQL5InnoDBDialect
2022-01-06 13:42:33.620  INFO 2968 --- [restartedMain] j.LocalContainerEntityManagerFactoryBean : Initialized JPA EntityManagerFactory for persistence unit 'default'
2022-01-06 13:42:33.638  INFO 2968 --- [restartedMain] o.s.b.d.a.OptionalLiveReloadServer       : LiveReload server is running on port 35729
2022-01-06 13:42:34.485  INFO 2968 --- [restartedMain] o.s.s.concurrent.ThreadPoolTaskExecutor  : Initializing ExecutorService 'applicationTaskExecutor'
2022-01-06 13:42:34.537  WARN 2968 --- [restartedMain] aWebConfiguration$JpaWebMvcConfiguration : spring.jpa.open-in-view is enabled by default. Therefore, database queries may be performed during view rendering. Explicitly configure spring.jpa.open-in-view to disable this warning
2022-01-06 13:42:34.869  INFO 2968 --- [restartedMain] o.s.s.c.ThreadPoolTaskScheduler          : Initializing ExecutorService 'taskScheduler'
2022-01-06 13:42:34.920  INFO 2968 --- [restartedMain] o.s.b.a.e.web.EndpointLinksResolver      : Exposing 2 endpoint(s) beneath base path '/actuator'
2022-01-06 13:42:34.996  INFO 2968 --- [restartedMain] o.s.b.w.embedded.tomcat.TomcatWebServer  : Tomcat started on port(s): 8084 (http) with context path ''
2022-01-06 13:42:34.998  INFO 2968 --- [restartedMain] c.drone.manager.DroneServiceApplication  : Started DroneServiceApplication in 5.505 seconds (JVM running for 5.887)
2022-01-06 13:42:40.021  INFO 2968 --- [scheduling-1] o.h.h.i.QueryTranslatorFactoryInitiator  : HHH000397: Using ASTQueryTranslatorFactory
2022-01-06 13:42:42.221  INFO 2968 --- [http-nio-8084-exec-2] o.a.c.c.C.[Tomcat].[localhost].[/]       : Initializing Spring DispatcherServlet 'dispatcherServlet'
2022-01-06 13:42:42.222  INFO 2968 --- [http-nio-8084-exec-2] o.s.web.servlet.DispatcherServlet        : Initializing Servlet 'dispatcherServlet'
2022-01-06 13:42:42.237  INFO 2968 --- [http-nio-8084-exec-2] o.s.web.servlet.DispatcherServlet        : Completed initialization in 15 ms
2022-01-06 13:42:42.454  INFO 2968 --- [http-nio-8084-exec-2] c.d.m.controller.DispatchController      : :: Drone Registration Request :: DroneDataDTO.Request.Body(serialNumber=TN6AG81P8375115JIJ41GK7127KG3K63V_ZSB4M6XMSZ1Q4XGR, model=HEAVYWEIGHT, weightLimit=500gr, batteryCapacity=0.8, state=IDLE)
2022-01-06 13:42:57.234  INFO 2968 --- [http-nio-8084-exec-3] c.d.m.controller.DispatchController      : :: Medication Registration Request :: MedicationDataDTO.Request.Body(name=Parastamol-2, weight=500gr, code=0X088CS2B2407656_JAH9KX2UDD2S8GI7A5Z1J3706560E3B44, imagePath=http://localhost:8084/downloadFile/Screenshot%202021-12-06%20at%2017.33.54.png, state=RESTING)
2022-01-06 13:43:38.580  INFO 2968 --- [http-nio-8084-exec-4] c.d.m.controller.DispatchController      : :: Medication Registration Request :: MedicationDataDTO.Request.Body(name=Parastamol-1, weight=500gr, code=IGG6H5E2PH1YD32RO2T1F4CVSKF628Q91QH3Z5H57OPIC5B2A6, imagePath=http://localhost:8084/downloadFile/Screenshot%202021-12-06%20at%2017.33.54.png, state=RESTING)
2022-01-06 13:43:51.934  WARN 2968 --- [http-nio-8084-exec-5] .m.m.a.ExceptionHandlerExceptionResolver : Resolved [com.drone.manager.exception.MissingEntityException: Drone loading item with medication code 'IGG6H5E2PH1YD32RO2T1F4CVSKF628Q91QH3Z5H57OPIC5B2A6' and package reference '6M31235T334EI19A696Y82668N3XVA2BXAYXI5MGGUSB888V0V' Not Found!]
2022-01-06 13:44:46.712  WARN 2968 --- [http-nio-8084-exec-6] .m.m.a.ExceptionHandlerExceptionResolver : Resolved [com.drone.manager.exception.MissingEntityException: Drone loading item with medication code 'IGG6H5E2PH1YD32RO2T1F4CVSKF628Q91QH3Z5H57OPIC5B2A6' and package reference '6M31235T334EI19A696Y82668N3XVA2BXAYXI5MGGUSB888V0V' Not Found!]
2022-01-06 13:46:28.355  WARN 2968 --- [http-nio-8084-exec-10] .m.m.a.ExceptionHandlerExceptionResolver : Resolved [com.drone.manager.exception.MissingEntityException: Drone loading item with medication code 'IGG6H5E2PH1YD32RO2T1F4CVSKF628Q91QH3Z5H57OPIC5B2A6' and package reference '6M31235T334EI19A696Y82668N3XVA2BXAYXI5MGGUSB888V0V' Not Found!]
2022-01-06 13:53:22.982  INFO 2968 --- [Thread-11] o.s.s.c.ThreadPoolTaskScheduler          : Shutting down ExecutorService 'taskScheduler'
2022-01-06 13:53:22.987  INFO 2968 --- [Thread-11] o.s.s.concurrent.ThreadPoolTaskExecutor  : Shutting down ExecutorService 'applicationTaskExecutor'
2022-01-06 13:53:22.990  INFO 2968 --- [Thread-11] j.LocalContainerEntityManagerFactoryBean : Closing JPA EntityManagerFactory for persistence unit 'default'
2022-01-06 13:53:22.993  INFO 2968 --- [Thread-11] com.zaxxer.hikari.HikariDataSource       : HikariPool-1 - Shutdown initiated...
2022-01-06 13:53:22.998  INFO 2968 --- [Thread-11] com.zaxxer.hikari.HikariDataSource       : HikariPool-1 - Shutdown completed.
2022-01-06 13:53:30.806  INFO 3056 --- [restartedMain] c.drone.manager.DroneServiceApplication  : Starting DroneServiceApplication on Olugbengas-MacBook-Pro.local with PID 3056 (/Users/olugbengafalodun/Documents/development/interview/DroneService/target/classes started by olugbengafalodun in /Users/olugbengafalodun/Documents/development/interview/DroneService)
2022-01-06 13:53:30.809  INFO 3056 --- [restartedMain] c.drone.manager.DroneServiceApplication  : The following profiles are active: mysqldb
2022-01-06 13:53:30.887  INFO 3056 --- [restartedMain] .e.DevToolsPropertyDefaultsPostProcessor : Devtools property defaults active! Set 'spring.devtools.add-properties' to 'false' to disable
2022-01-06 13:53:30.888  INFO 3056 --- [restartedMain] .e.DevToolsPropertyDefaultsPostProcessor : For additional web related logging consider setting the 'logging.level.web' property to 'DEBUG'
2022-01-06 13:53:31.820  INFO 3056 --- [restartedMain] .s.d.r.c.RepositoryConfigurationDelegate : Bootstrapping Spring Data repositories in DEFAULT mode.
2022-01-06 13:53:31.903  INFO 3056 --- [restartedMain] .s.d.r.c.RepositoryConfigurationDelegate : Finished Spring Data repository scanning in 77ms. Found 4 repository interfaces.
2022-01-06 13:53:32.336  INFO 3056 --- [restartedMain] trationDelegate$BeanPostProcessorChecker : Bean 'org.springframework.transaction.annotation.ProxyTransactionManagementConfiguration' of type [org.springframework.transaction.annotation.ProxyTransactionManagementConfiguration$$EnhancerBySpringCGLIB$$8da3bca0] is not eligible for getting processed by all BeanPostProcessors (for example: not eligible for auto-proxying)
2022-01-06 13:53:32.756  INFO 3056 --- [restartedMain] o.s.b.w.embedded.tomcat.TomcatWebServer  : Tomcat initialized with port(s): 8084 (http)
2022-01-06 13:53:32.782  INFO 3056 --- [restartedMain] o.apache.catalina.core.StandardService   : Starting service [Tomcat]
2022-01-06 13:53:32.783  INFO 3056 --- [restartedMain] org.apache.catalina.core.StandardEngine  : Starting Servlet engine: [Apache Tomcat/9.0.16]
2022-01-06 13:53:32.794  INFO 3056 --- [restartedMain] o.a.catalina.core.AprLifecycleListener   : The APR based Apache Tomcat Native library which allows optimal performance in production environments was not found on the java.library.path: [/Users/olugbengafalodun/Library/Java/Extensions:/Library/Java/Extensions:/Network/Library/Java/Extensions:/System/Library/Java/Extensions:/usr/lib/java:.]
2022-01-06 13:53:32.865  INFO 3056 --- [restartedMain] o.a.c.c.C.[Tomcat].[localhost].[/]       : Initializing Spring embedded WebApplicationContext
2022-01-06 13:53:32.865  INFO 3056 --- [restartedMain] o.s.web.context.ContextLoader            : Root WebApplicationContext: initialization completed in 1977 ms
2022-01-06 13:53:33.390  INFO 3056 --- [restartedMain] com.zaxxer.hikari.HikariDataSource       : HikariPool-1 - Starting...
2022-01-06 13:53:33.544  INFO 3056 --- [restartedMain] com.zaxxer.hikari.HikariDataSource       : HikariPool-1 - Start completed.
2022-01-06 13:53:33.599  INFO 3056 --- [restartedMain] o.hibernate.jpa.internal.util.LogHelper  : HHH000204: Processing PersistenceUnitInfo [
	name: default
	...]
2022-01-06 13:53:33.673  INFO 3056 --- [restartedMain] org.hibernate.Version                    : HHH000412: Hibernate Core {5.2.17.Final}
2022-01-06 13:53:33.674  INFO 3056 --- [restartedMain] org.hibernate.cfg.Environment            : HHH000206: hibernate.properties not found
2022-01-06 13:53:33.709  INFO 3056 --- [restartedMain] o.hibernate.annotations.common.Version   : HCANN000001: Hibernate Commons Annotations {5.0.1.Final}
2022-01-06 13:53:33.842  INFO 3056 --- [restartedMain] org.hibernate.dialect.Dialect            : HHH000400: Using dialect: org.hibernate.dialect.MySQL5InnoDBDialect
2022-01-06 13:53:34.394  INFO 3056 --- [restartedMain] j.LocalContainerEntityManagerFactoryBean : Initialized JPA EntityManagerFactory for persistence unit 'default'
2022-01-06 13:53:34.411  INFO 3056 --- [restartedMain] o.s.b.d.a.OptionalLiveReloadServer       : LiveReload server is running on port 35729
2022-01-06 13:53:35.184  INFO 3056 --- [restartedMain] o.s.s.concurrent.ThreadPoolTaskExecutor  : Initializing ExecutorService 'applicationTaskExecutor'
2022-01-06 13:53:35.232  WARN 3056 --- [restartedMain] aWebConfiguration$JpaWebMvcConfiguration : spring.jpa.open-in-view is enabled by default. Therefore, database queries may be performed during view rendering. Explicitly configure spring.jpa.open-in-view to disable this warning
2022-01-06 13:53:35.570  INFO 3056 --- [restartedMain] o.s.s.c.ThreadPoolTaskScheduler          : Initializing ExecutorService 'taskScheduler'
2022-01-06 13:53:35.615  INFO 3056 --- [restartedMain] o.s.b.a.e.web.EndpointLinksResolver      : Exposing 2 endpoint(s) beneath base path '/actuator'
2022-01-06 13:53:35.689  INFO 3056 --- [restartedMain] o.s.b.w.embedded.tomcat.TomcatWebServer  : Tomcat started on port(s): 8084 (http) with context path ''
2022-01-06 13:53:35.691  INFO 3056 --- [restartedMain] c.drone.manager.DroneServiceApplication  : Started DroneServiceApplication in 5.351 seconds (JVM running for 5.769)
2022-01-06 13:53:40.701  INFO 3056 --- [scheduling-1] o.h.h.i.QueryTranslatorFactoryInitiator  : HHH000397: Using ASTQueryTranslatorFactory
2022-01-06 13:53:47.148  INFO 3056 --- [http-nio-8084-exec-2] o.a.c.c.C.[Tomcat].[localhost].[/]       : Initializing Spring DispatcherServlet 'dispatcherServlet'
2022-01-06 13:53:47.149  INFO 3056 --- [http-nio-8084-exec-2] o.s.web.servlet.DispatcherServlet        : Initializing Servlet 'dispatcherServlet'
2022-01-06 13:53:47.164  INFO 3056 --- [http-nio-8084-exec-2] o.s.web.servlet.DispatcherServlet        : Completed initialization in 14 ms
2022-01-06 13:53:47.416  INFO 3056 --- [http-nio-8084-exec-2] c.d.manager.service.TransactionService   : Transaction :: {}Transaction{Id=1, packageReference='6M31235T334EI19A696Y82668N3XVA2BXAYXI5MGGUSB888V0V', droneSn='8DUW02H527SD760UL6Z32016577A404GI4T11LH_LT9V38FHRQ', medicationCode='IGG6H5E2PH1YD32RO2T1F4CVSKF628Q91QH3Z5H57OPIC5B2A6'}
2022-01-06 13:53:47.468  WARN 3056 --- [http-nio-8084-exec-2] .m.m.a.ExceptionHandlerExceptionResolver : Resolved [com.drone.manager.exception.MissingEntityException: Drone loading item with medication code 'IGG6H5E2PH1YD32RO2T1F4CVSKF628Q91QH3Z5H57OPIC5B2A6' and package reference '6M31235T334EI19A696Y82668N3XVA2BXAYXI5MGGUSB888V0V' Not Found!]
2022-01-06 14:08:37.359  INFO 3056 --- [Thread-11] o.s.s.c.ThreadPoolTaskScheduler          : Shutting down ExecutorService 'taskScheduler'
2022-01-06 14:08:37.361  INFO 3056 --- [Thread-11] o.s.s.concurrent.ThreadPoolTaskExecutor  : Shutting down ExecutorService 'applicationTaskExecutor'
2022-01-06 14:08:37.364  INFO 3056 --- [Thread-11] j.LocalContainerEntityManagerFactoryBean : Closing JPA EntityManagerFactory for persistence unit 'default'
2022-01-06 14:08:37.367  INFO 3056 --- [Thread-11] com.zaxxer.hikari.HikariDataSource       : HikariPool-1 - Shutdown initiated...
2022-01-06 14:08:37.371  INFO 3056 --- [Thread-11] com.zaxxer.hikari.HikariDataSource       : HikariPool-1 - Shutdown completed.
2022-01-06 14:09:04.776  INFO 3114 --- [restartedMain] c.drone.manager.DroneServiceApplication  : Starting DroneServiceApplication on Olugbengas-MacBook-Pro.local with PID 3114 (/Users/olugbengafalodun/Documents/development/interview/DroneService/target/classes started by olugbengafalodun in /Users/olugbengafalodun/Documents/development/interview/DroneService)
2022-01-06 14:09:04.779  INFO 3114 --- [restartedMain] c.drone.manager.DroneServiceApplication  : The following profiles are active: mysqldb
2022-01-06 14:09:04.830  INFO 3114 --- [restartedMain] .e.DevToolsPropertyDefaultsPostProcessor : Devtools property defaults active! Set 'spring.devtools.add-properties' to 'false' to disable
2022-01-06 14:09:04.830  INFO 3114 --- [restartedMain] .e.DevToolsPropertyDefaultsPostProcessor : For additional web related logging consider setting the 'logging.level.web' property to 'DEBUG'
2022-01-06 14:09:05.722  INFO 3114 --- [restartedMain] .s.d.r.c.RepositoryConfigurationDelegate : Bootstrapping Spring Data repositories in DEFAULT mode.
2022-01-06 14:09:05.814  INFO 3114 --- [restartedMain] .s.d.r.c.RepositoryConfigurationDelegate : Finished Spring Data repository scanning in 86ms. Found 4 repository interfaces.
2022-01-06 14:09:06.247  INFO 3114 --- [restartedMain] trationDelegate$BeanPostProcessorChecker : Bean 'org.springframework.transaction.annotation.ProxyTransactionManagementConfiguration' of type [org.springframework.transaction.annotation.ProxyTransactionManagementConfiguration$$EnhancerBySpringCGLIB$$486e83cf] is not eligible for getting processed by all BeanPostProcessors (for example: not eligible for auto-proxying)
2022-01-06 14:09:06.665  INFO 3114 --- [restartedMain] o.s.b.w.embedded.tomcat.TomcatWebServer  : Tomcat initialized with port(s): 8084 (http)
2022-01-06 14:09:06.688  INFO 3114 --- [restartedMain] o.apache.catalina.core.StandardService   : Starting service [Tomcat]
2022-01-06 14:09:06.688  INFO 3114 --- [restartedMain] org.apache.catalina.core.StandardEngine  : Starting Servlet engine: [Apache Tomcat/9.0.16]
2022-01-06 14:09:06.702  INFO 3114 --- [restartedMain] o.a.catalina.core.AprLifecycleListener   : The APR based Apache Tomcat Native library which allows optimal performance in production environments was not found on the java.library.path: [/Users/olugbengafalodun/Library/Java/Extensions:/Library/Java/Extensions:/Network/Library/Java/Extensions:/System/Library/Java/Extensions:/usr/lib/java:.]
2022-01-06 14:09:06.771  INFO 3114 --- [restartedMain] o.a.c.c.C.[Tomcat].[localhost].[/]       : Initializing Spring embedded WebApplicationContext
2022-01-06 14:09:06.771  INFO 3114 --- [restartedMain] o.s.web.context.ContextLoader            : Root WebApplicationContext: initialization completed in 1941 ms
2022-01-06 14:09:07.311  INFO 3114 --- [restartedMain] com.zaxxer.hikari.HikariDataSource       : HikariPool-1 - Starting...
2022-01-06 14:09:07.456  INFO 3114 --- [restartedMain] com.zaxxer.hikari.HikariDataSource       : HikariPool-1 - Start completed.
2022-01-06 14:09:07.530  INFO 3114 --- [restartedMain] o.hibernate.jpa.internal.util.LogHelper  : HHH000204: Processing PersistenceUnitInfo [
	name: default
	...]
2022-01-06 14:09:07.601  INFO 3114 --- [restartedMain] org.hibernate.Version                    : HHH000412: Hibernate Core {5.2.17.Final}
2022-01-06 14:09:07.603  INFO 3114 --- [restartedMain] org.hibernate.cfg.Environment            : HHH000206: hibernate.properties not found
2022-01-06 14:09:07.641  INFO 3114 --- [restartedMain] o.hibernate.annotations.common.Version   : HCANN000001: Hibernate Commons Annotations {5.0.1.Final}
2022-01-06 14:09:07.772  INFO 3114 --- [restartedMain] org.hibernate.dialect.Dialect            : HHH000400: Using dialect: org.hibernate.dialect.MySQL5InnoDBDialect
2022-01-06 14:09:08.383  INFO 3114 --- [restartedMain] j.LocalContainerEntityManagerFactoryBean : Initialized JPA EntityManagerFactory for persistence unit 'default'
2022-01-06 14:09:08.402  INFO 3114 --- [restartedMain] o.s.b.d.a.OptionalLiveReloadServer       : LiveReload server is running on port 35729
2022-01-06 14:09:09.236  INFO 3114 --- [restartedMain] o.s.s.concurrent.ThreadPoolTaskExecutor  : Initializing ExecutorService 'applicationTaskExecutor'
2022-01-06 14:09:09.284  WARN 3114 --- [restartedMain] aWebConfiguration$JpaWebMvcConfiguration : spring.jpa.open-in-view is enabled by default. Therefore, database queries may be performed during view rendering. Explicitly configure spring.jpa.open-in-view to disable this warning
2022-01-06 14:09:09.602  INFO 3114 --- [restartedMain] o.s.s.c.ThreadPoolTaskScheduler          : Initializing ExecutorService 'taskScheduler'
2022-01-06 14:09:09.652  INFO 3114 --- [restartedMain] o.s.b.a.e.web.EndpointLinksResolver      : Exposing 2 endpoint(s) beneath base path '/actuator'
2022-01-06 14:09:09.724  INFO 3114 --- [restartedMain] o.s.b.w.embedded.tomcat.TomcatWebServer  : Tomcat started on port(s): 8084 (http) with context path ''
2022-01-06 14:09:09.726  INFO 3114 --- [restartedMain] c.drone.manager.DroneServiceApplication  : Started DroneServiceApplication in 5.488 seconds (JVM running for 5.903)
2022-01-06 14:09:14.749  INFO 3114 --- [scheduling-1] o.h.h.i.QueryTranslatorFactoryInitiator  : HHH000397: Using ASTQueryTranslatorFactory
2022-01-06 14:09:22.272  INFO 3114 --- [http-nio-8084-exec-2] o.a.c.c.C.[Tomcat].[localhost].[/]       : Initializing Spring DispatcherServlet 'dispatcherServlet'
2022-01-06 14:09:22.272  INFO 3114 --- [http-nio-8084-exec-2] o.s.web.servlet.DispatcherServlet        : Initializing Servlet 'dispatcherServlet'
2022-01-06 14:09:22.284  INFO 3114 --- [http-nio-8084-exec-2] o.s.web.servlet.DispatcherServlet        : Completed initialization in 12 ms
2022-01-06 14:09:22.487  INFO 3114 --- [http-nio-8084-exec-2] c.d.m.controller.DispatchController      : :: Drone Registration Request :: DroneDataDTO.Request.Body(serialNumber=TN6AG81P8375115JIJ41GK7127KG3K63V_ZSB4M6XMSZ1Q4XGR, model=HEAVYWEIGHT, weightLimit=500gr, batteryCapacity=0.8, state=IDLE)
2022-01-06 14:09:35.931  INFO 3114 --- [http-nio-8084-exec-3] c.d.m.controller.DispatchController      : :: Medication Registration Request :: MedicationDataDTO.Request.Body(name=Parastamol-1, weight=500gr, code=IGG6H5E2PH1YD32RO2T1F4CVSKF628Q91QH3Z5H57OPIC5B2A6, imagePath=http://localhost:8084/downloadFile/Screenshot%202021-12-06%20at%2017.33.54.png, state=RESTING)
2022-01-06 14:10:26.340  INFO 3114 --- [http-nio-8084-exec-4] c.d.m.controller.DispatchController      : :: Medication Registration Request :: MedicationDataDTO.Request.Body(name=Parastamol-2, weight=500gr, code=0X088CS2B2407656_JAH9KX2UDD2S8GI7A5Z1J3706560E3B44, imagePath=http://localhost:8084/downloadFile/Screenshot%202021-12-06%20at%2017.33.54.png, state=RESTING)
2022-01-06 14:11:52.338  INFO 3114 --- [http-nio-8084-exec-7] c.d.manager.service.TransactionService   : Transaction :: {}Transaction{Id=1, packageReference='6M31235T334EI19A696Y82668N3XVA2BXAYXI5MGGUSB888V0V', droneSn='TN6AG81P8375115JIJ41GK7127KG3K63V_ZSB4M6XMSZ1Q4XGR', medicationCode='IGG6H5E2PH1YD32RO2T1F4CVSKF628Q91QH3Z5H57OPIC5B2A6'}
2022-01-06 14:12:04.524  INFO 3114 --- [http-nio-8084-exec-8] c.d.m.controller.DispatchController      : :: droneList :: [Drone{id=1, serialNumber='TN6AG81P8375115JIJ41GK7127KG3K63V_ZSB4M6XMSZ1Q4XGR', model='HEAVYWEIGHT', weightLimit='500gr', batteryCapacity='0.8', state='IDLE'}]
2022-01-06 14:12:14.547  WARN 3114 --- [http-nio-8084-exec-9] .m.m.a.ExceptionHandlerExceptionResolver : Resolved [com.drone.manager.exception.MissingEntityException: Drone With Serial Number '8DUW02H527SD760UL6Z32016577A404GI4T11LH_LT9V38FHRQ' Not Found!]
